<?xml version="1.0" encoding="UTF-8"?>
<!-- Generated by org.testng.reporters.JUnitReportReporter -->
<testsuite skipped="0" hostname="LAPTOP-0A11AR8K" name="testNG_Scripts.profileEditingSuite3_TestNG" tests="2" failures="0" timestamp="10 Apr 2018 05:36:28 GMT" time="23.946" errors="0">
  <testcase name="PCApp_TestCase_003_E05" time="13.554" classname="testNG_Scripts.profileEditingSuite3_TestNG"/>
  <testcase name="PCApp_TestCase_003_E04" time="10.392" classname="testNG_Scripts.profileEditingSuite3_TestNG"/>
</testsuite> <!-- testNG_Scripts.profileEditingSuite3_TestNG -->
