<?xml version="1.0" encoding="UTF-8"?>
<!-- Generated by org.testng.reporters.JUnitReportReporter -->
<testsuite skipped="0" hostname="LAPTOP-0A11AR8K" name="testNG_Scripts.about_TestNG" tests="4" failures="0" timestamp="29 Mar 2018 11:04:52 GMT" time="22.813" errors="0">
  <testcase name="PCApp_TestCase_006_A04" time="9.881" classname="testNG_Scripts.about_TestNG"/>
  <testcase name="PCApp_TestCase_006_A02" time="3.329" classname="testNG_Scripts.about_TestNG"/>
  <testcase name="PCApp_TestCase_006_A03" time="4.837" classname="testNG_Scripts.about_TestNG"/>
  <testcase name="PCApp_TestCase_006_A01" time="4.766" classname="testNG_Scripts.about_TestNG"/>
</testsuite> <!-- testNG_Scripts.about_TestNG -->
