<?xml version="1.0" encoding="UTF-8"?>
<!-- Generated by org.testng.reporters.JUnitReportReporter -->
<testsuite skipped="0" hostname="LAPTOP-0A11AR8K" name="testNG_Scripts.profileCreationSuite2_TestNG" tests="1" failures="0" timestamp="10 Apr 2018 05:30:36 GMT" time="14.422" errors="0">
  <testcase name="PCApp_TestCase_002_C06" time="14.422" classname="testNG_Scripts.profileCreationSuite2_TestNG"/>
</testsuite> <!-- testNG_Scripts.profileCreationSuite2_TestNG -->
