<?xml version="1.0" encoding="UTF-8"?>
<!-- Generated by org.testng.reporters.JUnitReportReporter -->
<testsuite skipped="0" hostname="LAPTOP-0A11AR8K" name="testNG_Scripts.profileCreationSuite4_TestNG" tests="2" failures="0" timestamp="10 Apr 2018 05:30:00 GMT" time="65.706" errors="0">
  <testcase name="PCApp_TestCase_002_C12" time="10.814" classname="testNG_Scripts.profileCreationSuite4_TestNG"/>
  <testcase name="PCApp_TestCase_002_C13" time="54.892" classname="testNG_Scripts.profileCreationSuite4_TestNG"/>
</testsuite> <!-- testNG_Scripts.profileCreationSuite4_TestNG -->
