<?xml version="1.0" encoding="UTF-8"?>
<!-- Generated by org.testng.reporters.JUnitReportReporter -->
<testsuite skipped="0" hostname="LAPTOP-0A11AR8K" name="testNG_Scripts.profileEditing_TestNG" tests="1" failures="0" timestamp="09 Apr 2018 05:49:09 GMT" time="8.034" errors="0">
  <testcase name="PCApp_TestCase_003_E01" time="8.034" classname="testNG_Scripts.profileEditing_TestNG"/>
</testsuite> <!-- testNG_Scripts.profileEditing_TestNG -->
