<?xml version="1.0" encoding="UTF-8"?>
<!-- Generated by org.testng.reporters.JUnitReportReporter -->
<testsuite skipped="0" hostname="LAPTOP-0A11AR8K" name="testNG_Scripts.profileEditingSuite2_TestNG" tests="2" failures="0" timestamp="10 Apr 2018 05:35:10 GMT" time="25.360" errors="0">
  <testcase name="PCApp_TestCase_003_E07" time="14.505" classname="testNG_Scripts.profileEditingSuite2_TestNG"/>
  <testcase name="PCApp_TestCase_003_E06" time="10.855" classname="testNG_Scripts.profileEditingSuite2_TestNG"/>
</testsuite> <!-- testNG_Scripts.profileEditingSuite2_TestNG -->
