<?xml version="1.0" encoding="UTF-8"?>
<!-- Generated by org.testng.reporters.JUnitReportReporter -->
<testsuite skipped="0" hostname="LAPTOP-0A11AR8K" name="testNG_Scripts.profile_TestNG" tests="4" failures="0" timestamp="10 Apr 2018 04:33:34 GMT" time="35.891" errors="0">
  <testcase name="PCApp_TestCase_001_P01" time="13.995" classname="testNG_Scripts.profile_TestNG"/>
  <testcase name="PCApp_TestCase_001_P02" time="9.025" classname="testNG_Scripts.profile_TestNG"/>
  <testcase name="PCApp_TestCase_001_P03" time="6.026" classname="testNG_Scripts.profile_TestNG"/>
  <testcase name="PCApp_TestCase_003_E03" time="6.845" classname="testNG_Scripts.profile_TestNG"/>
</testsuite> <!-- testNG_Scripts.profile_TestNG -->
