<?xml version="1.0" encoding="UTF-8"?>
<!-- Generated by org.testng.reporters.JUnitReportReporter -->
<testsuite skipped="0" hostname="LAPTOP-0A11AR8K" name="testNG_Scripts.profileCreationSuite1_TestNG" tests="5" failures="0" timestamp="10 Apr 2018 05:43:49 GMT" time="43.250" errors="0">
  <testcase name="PCApp_TestCase_002_C03" time="4.106" classname="testNG_Scripts.profileCreationSuite1_TestNG"/>
  <testcase name="PCApp_TestCase_002_C14" time="10.908" classname="testNG_Scripts.profileCreationSuite1_TestNG"/>
  <testcase name="PCApp_TestCase_002_C01" time="12.999" classname="testNG_Scripts.profileCreationSuite1_TestNG"/>
  <testcase name="PCApp_TestCase_002_C02" time="7.416" classname="testNG_Scripts.profileCreationSuite1_TestNG"/>
  <testcase name="PCApp_TestCase_002_C05" time="7.821" classname="testNG_Scripts.profileCreationSuite1_TestNG"/>
</testsuite> <!-- testNG_Scripts.profileCreationSuite1_TestNG -->
