<?xml version="1.0" encoding="UTF-8"?>
<!-- Generated by org.testng.reporters.JUnitReportReporter -->
<testsuite skipped="0" hostname="LAPTOP-0A11AR8K" name="testNG_Scripts.profileDelete_TestNG" tests="2" failures="0" timestamp="10 Apr 2018 05:44:25 GMT" time="13.624" errors="0">
  <testcase name="PCApp_TestCase_002_C08" time="4.960" classname="testNG_Scripts.profileDelete_TestNG"/>
  <testcase name="PCApp_TestCase_004_D01" time="8.664" classname="testNG_Scripts.profileDelete_TestNG"/>
</testsuite> <!-- testNG_Scripts.profileDelete_TestNG -->
