<?xml version="1.0" encoding="UTF-8"?>
<!-- Generated by org.testng.reporters.JUnitReportReporter -->
<testsuite skipped="0" hostname="LAPTOP-0A11AR8K" name="testNG_Scripts.portSettings_TestNG" tests="4" failures="0" timestamp="10 Apr 2018 05:42:52 GMT" time="31.958" errors="0">
  <testcase name="PCApp_TestCase_005_PS01" time="6.648" classname="testNG_Scripts.portSettings_TestNG"/>
  <testcase name="PCApp_TestCase_005_PS02" time="7.804" classname="testNG_Scripts.portSettings_TestNG"/>
  <testcase name="PCApp_TestCase_005_PS04" time="10.373" classname="testNG_Scripts.portSettings_TestNG"/>
  <testcase name="PCApp_TestCase_005_PS03" time="7.133" classname="testNG_Scripts.portSettings_TestNG"/>
</testsuite> <!-- testNG_Scripts.portSettings_TestNG -->
