<?xml version="1.0" encoding="UTF-8"?>
<!-- Generated by org.testng.reporters.JUnitReportReporter -->
<testsuite skipped="0" hostname="LAPTOP-0A11AR8K" name="testNG_Scripts.profileEditingSuite1_TestNG" tests="2" failures="0" timestamp="10 Apr 2018 05:33:57 GMT" time="16.369" errors="0">
  <testcase name="PCApp_TestCase_003_E01" time="7.613" classname="testNG_Scripts.profileEditingSuite1_TestNG"/>
  <testcase name="PCApp_TestCase_003_E02" time="8.756" classname="testNG_Scripts.profileEditingSuite1_TestNG"/>
</testsuite> <!-- testNG_Scripts.profileEditingSuite1_TestNG -->
