<?xml version="1.0" encoding="UTF-8"?>
<!-- Generated by org.testng.reporters.JUnitReportReporter -->
<testsuite skipped="0" hostname="LAPTOP-0A11AR8K" name="testNG_Scripts.about_TestNG" tests="4" failures="0" timestamp="10 Apr 2018 04:31:05 GMT" time="37.733" errors="0">
  <testcase name="PCApp_TestCase_006_A01" time="9.681" classname="testNG_Scripts.about_TestNG"/>
  <testcase name="PCApp_TestCase_006_A03" time="12.222" classname="testNG_Scripts.about_TestNG"/>
  <testcase name="PCApp_TestCase_006_A02" time="6.071" classname="testNG_Scripts.about_TestNG"/>
  <testcase name="PCApp_TestCase_006_A04" time="9.759" classname="testNG_Scripts.about_TestNG"/>
</testsuite> <!-- testNG_Scripts.about_TestNG -->
